mode: set
gitlab.com/sophistik1/mai-practice-hw5/tabletest/parse_duration.go:11.60,13.24 2 1
gitlab.com/sophistik1/mai-practice-hw5/tabletest/parse_duration.go:13.24,15.25 2 1
gitlab.com/sophistik1/mai-practice-hw5/tabletest/parse_duration.go:15.25,16.9 1 1
gitlab.com/sophistik1/mai-practice-hw5/tabletest/parse_duration.go:18.3,18.23 1 1
gitlab.com/sophistik1/mai-practice-hw5/tabletest/parse_duration.go:18.23,21.4 1 0
gitlab.com/sophistik1/mai-practice-hw5/tabletest/parse_duration.go:22.3,23.12 2 1
gitlab.com/sophistik1/mai-practice-hw5/tabletest/parse_duration.go:23.12,26.4 1 0
gitlab.com/sophistik1/mai-practice-hw5/tabletest/parse_duration.go:28.2,28.22 1 1
gitlab.com/sophistik1/mai-practice-hw5/tabletest/parse_duration.go:34.69,38.24 4 0
gitlab.com/sophistik1/mai-practice-hw5/tabletest/parse_duration.go:38.24,40.25 2 0
gitlab.com/sophistik1/mai-practice-hw5/tabletest/parse_duration.go:40.25,41.9 1 0
gitlab.com/sophistik1/mai-practice-hw5/tabletest/parse_duration.go:43.3,43.15 1 0
gitlab.com/sophistik1/mai-practice-hw5/tabletest/parse_duration.go:43.15,44.12 1 0
gitlab.com/sophistik1/mai-practice-hw5/tabletest/parse_duration.go:46.3,46.23 1 0
gitlab.com/sophistik1/mai-practice-hw5/tabletest/parse_duration.go:46.23,49.12 2 0
gitlab.com/sophistik1/mai-practice-hw5/tabletest/parse_duration.go:51.3,52.12 2 0
gitlab.com/sophistik1/mai-practice-hw5/tabletest/parse_duration.go:52.12,54.12 2 0
gitlab.com/sophistik1/mai-practice-hw5/tabletest/parse_duration.go:56.3,57.14 2 0
gitlab.com/sophistik1/mai-practice-hw5/tabletest/parse_duration.go:59.2,59.24 1 0
gitlab.com/sophistik1/mai-practice-hw5/tabletest/parse_duration.go:78.53,85.13 4 1
gitlab.com/sophistik1/mai-practice-hw5/tabletest/parse_duration.go:85.13,87.27 2 1
gitlab.com/sophistik1/mai-practice-hw5/tabletest/parse_duration.go:87.27,90.4 2 1
gitlab.com/sophistik1/mai-practice-hw5/tabletest/parse_duration.go:93.2,93.14 1 1
gitlab.com/sophistik1/mai-practice-hw5/tabletest/parse_duration.go:93.14,95.3 1 0
gitlab.com/sophistik1/mai-practice-hw5/tabletest/parse_duration.go:96.2,96.13 1 1
gitlab.com/sophistik1/mai-practice-hw5/tabletest/parse_duration.go:96.13,98.3 1 0
gitlab.com/sophistik1/mai-practice-hw5/tabletest/parse_duration.go:99.2,99.14 1 1
gitlab.com/sophistik1/mai-practice-hw5/tabletest/parse_duration.go:99.14,108.51 3 1
gitlab.com/sophistik1/mai-practice-hw5/tabletest/parse_duration.go:108.51,110.4 1 0
gitlab.com/sophistik1/mai-practice-hw5/tabletest/parse_duration.go:112.3,114.17 3 1
gitlab.com/sophistik1/mai-practice-hw5/tabletest/parse_duration.go:114.17,116.4 1 0
gitlab.com/sophistik1/mai-practice-hw5/tabletest/parse_duration.go:117.3,121.29 3 1
gitlab.com/sophistik1/mai-practice-hw5/tabletest/parse_duration.go:121.29,126.4 4 0
gitlab.com/sophistik1/mai-practice-hw5/tabletest/parse_duration.go:127.3,127.20 1 1
gitlab.com/sophistik1/mai-practice-hw5/tabletest/parse_duration.go:127.20,130.4 1 0
gitlab.com/sophistik1/mai-practice-hw5/tabletest/parse_duration.go:133.3,134.25 2 1
gitlab.com/sophistik1/mai-practice-hw5/tabletest/parse_duration.go:134.25,136.40 2 1
gitlab.com/sophistik1/mai-practice-hw5/tabletest/parse_duration.go:136.40,137.10 1 0
gitlab.com/sophistik1/mai-practice-hw5/tabletest/parse_duration.go:140.3,140.13 1 1
gitlab.com/sophistik1/mai-practice-hw5/tabletest/parse_duration.go:140.13,142.4 1 0
gitlab.com/sophistik1/mai-practice-hw5/tabletest/parse_duration.go:143.3,146.10 4 1
gitlab.com/sophistik1/mai-practice-hw5/tabletest/parse_duration.go:146.10,148.4 1 0
gitlab.com/sophistik1/mai-practice-hw5/tabletest/parse_duration.go:149.3,149.25 1 1
gitlab.com/sophistik1/mai-practice-hw5/tabletest/parse_duration.go:149.25,152.4 1 0
gitlab.com/sophistik1/mai-practice-hw5/tabletest/parse_duration.go:153.3,154.12 2 1
gitlab.com/sophistik1/mai-practice-hw5/tabletest/parse_duration.go:154.12,158.13 2 0
gitlab.com/sophistik1/mai-practice-hw5/tabletest/parse_duration.go:158.13,161.5 1 0
gitlab.com/sophistik1/mai-practice-hw5/tabletest/parse_duration.go:163.3,164.12 2 1
gitlab.com/sophistik1/mai-practice-hw5/tabletest/parse_duration.go:164.12,167.4 1 0
gitlab.com/sophistik1/mai-practice-hw5/tabletest/parse_duration.go:170.2,170.9 1 1
gitlab.com/sophistik1/mai-practice-hw5/tabletest/parse_duration.go:170.9,172.3 1 0
gitlab.com/sophistik1/mai-practice-hw5/tabletest/parse_duration.go:173.2,173.30 1 1
